SF:lib/core/data/db/database.dart
DA:21,0
DA:23,0
DA:27,0
DA:28,0
DA:29,0
DA:30,0
DA:31,0
LF:7
LH:0
end_of_record
SF:lib/core/data/db/database.g.dart
DA:11,0
DA:50,0
DA:52,0
DA:53,0
DA:54,0
DA:55,0
DA:57,0
DA:60,0
DA:61,0
DA:62,0
DA:63,0
DA:65,0
DA:66,0
DA:67,0
DA:69,0
DA:71,0
DA:72,0
DA:73,0
DA:75,0
DA:77,0
DA:78,0
DA:80,0
DA:81,0
DA:83,0
DA:85,0
DA:86,0
DA:88,0
DA:89,0
DA:91,0
DA:93,0
DA:94,0
DA:96,0
DA:97,0
DA:102,0
DA:103,0
DA:104,0
DA:106,0
DA:107,0
DA:108,0
DA:109,0
DA:110,0
DA:111,0
DA:112,0
DA:113,0
DA:114,0
DA:115,0
DA:116,0
DA:117,0
DA:118,0
DA:119,0
DA:123,0
DA:125,0
DA:138,0
DA:145,0
DA:147,0
DA:148,0
DA:149,0
DA:150,0
DA:151,0
DA:152,0
DA:153,0
DA:154,0
DA:159,0
DA:160,0
DA:161,0
DA:162,0
DA:163,0
DA:164,0
DA:165,0
DA:166,0
DA:168,0
DA:172,0
DA:174,0
DA:175,0
DA:176,0
DA:177,0
DA:178,0
DA:179,0
DA:180,0
DA:181,0
DA:184,0
DA:186,0
DA:187,0
DA:188,0
DA:189,0
DA:190,0
DA:191,0
DA:192,0
DA:193,0
DA:197,0
DA:204,0
DA:205,0
DA:206,0
DA:207,0
DA:208,0
DA:209,0
DA:211,0
DA:213,0
DA:215,0
DA:216,0
DA:217,0
DA:218,0
DA:219,0
DA:220,0
DA:221,0
DA:222,0
DA:223,0
DA:226,0
DA:227,0
DA:228,0
DA:229,0
DA:232,0
DA:233,0
DA:234,0
DA:235,0
DA:236,0
DA:237,0
DA:238,0
DA:248,0
DA:256,0
DA:263,0
DA:264,0
DA:265,0
DA:266,0
DA:267,0
DA:275,0
DA:276,0
DA:277,0
DA:278,0
DA:279,0
DA:280,0
DA:281,0
DA:285,0
DA:292,0
DA:293,0
DA:294,0
DA:295,0
DA:296,0
DA:297,0
DA:298,0
DA:302,0
DA:304,0
DA:305,0
DA:306,0
DA:308,0
DA:309,0
DA:311,0
DA:312,0
DA:314,0
DA:315,0
DA:317,0
DA:318,0
DA:320,0
DA:321,0
DA:326,0
DA:328,0
DA:329,0
DA:330,0
DA:331,0
DA:332,0
DA:333,0
DA:334,0
DA:335,0
DA:336,0
DA:341,0
DA:344,0
DA:346,0
DA:347,0
DA:348,0
LF:169
LH:0
end_of_record
SF:lib/core/di/base_di_module.dart
DA:4,12
DA:6,0
DA:7,0
LF:3
LH:1
end_of_record
SF:lib/features/board/domain/usecase/add_task_usecase.dart
DA:10,0
DA:12,0
DA:14,0
LF:3
LH:0
end_of_record
SF:lib/features/board/domain/usecase/delete_task_usecase.dart
DA:11,0
DA:13,0
DA:15,0
LF:3
LH:0
end_of_record
SF:lib/features/board/domain/usecase/get_columns_usecase.dart
DA:10,0
DA:12,0
DA:14,0
LF:3
LH:0
end_of_record
SF:lib/features/board/domain/usecase/share_column_usecase.dart
DA:22,0
DA:24,0
DA:26,0
DA:27,0
DA:28,0
DA:30,0
DA:34,0
DA:35,0
DA:36,0
DA:37,0
DA:38,0
DA:41,0
DA:42,0
DA:43,0
DA:44,0
DA:45,0
DA:46,0
DA:50,0
DA:54,0
DA:57,0
DA:58,0
DA:59,0
DA:60,0
DA:61,0
DA:64,0
DA:65,0
DA:66,0
DA:67,0
DA:68,0
LF:29
LH:0
end_of_record
SF:lib/features/board/domain/usecase/update_task_usecase.dart
DA:10,0
DA:12,0
DA:14,0
LF:3
LH:0
end_of_record
SF:lib/features/board/domain/usecase/watch_tasks_for_usecase.dart
DA:11,0
DA:13,0
DA:15,0
LF:3
LH:0
end_of_record
SF:lib/features/board/presentation/task/bloc/task_bloc.dart
DA:12,1
DA:15,1
DA:16,6
DA:17,6
DA:18,4
DA:19,4
DA:20,6
DA:21,6
DA:22,7
DA:23,7
DA:24,7
DA:25,7
DA:28,1
DA:29,1
DA:30,8
DA:31,4
DA:35,1
DA:36,1
DA:37,3
DA:38,4
DA:42,1
DA:43,5
DA:46,1
DA:47,3
DA:50,1
DA:51,1
DA:52,1
DA:53,3
DA:55,2
DA:59,1
DA:60,1
DA:61,0
DA:63,3
LF:33
LH:32
end_of_record
SF:lib/core/base/base_bloc.dart
DA:14,6
DA:18,3
DA:24,0
DA:25,3
DA:26,3
DA:27,6
DA:28,9
DA:29,0
DA:30,0
DA:31,0
DA:32,0
DA:34,0
DA:38,0
DA:40,0
DA:41,0
LF:15
LH:6
end_of_record
SF:lib/core/base/usecase.dart
DA:6,0
DA:8,0
DA:9,0
DA:10,0
DA:11,0
DA:13,0
DA:14,0
DA:29,3
DA:35,0
DA:41,0
LF:10
LH:1
end_of_record
SF:lib/features/board/domain/entity/task.dart
DA:8,3
DA:21,2
DA:23,0
DA:24,0
DA:26,0
DA:28,0
LF:6
LH:2
end_of_record
SF:lib/features/board/presentation/task/bloc/task_event.dart
DA:9,1
DA:21,2
DA:27,1
DA:37,1
DA:43,1
LF:5
LH:5
end_of_record
SF:lib/features/board/presentation/task/bloc/task_state.dart
DA:8,7
LF:1
LH:1
end_of_record
SF:lib/features/board/presentation/column/bloc/column_bloc.dart
DA:20,1
DA:26,2
DA:27,7
DA:28,6
DA:29,6
DA:30,7
DA:31,6
DA:32,2
DA:35,1
DA:36,1
DA:37,5
DA:38,1
DA:39,3
DA:40,2
DA:42,1
DA:47,1
DA:49,2
DA:50,1
DA:53,1
DA:54,1
DA:55,8
DA:56,2
DA:60,1
DA:61,5
DA:62,1
DA:63,9
DA:64,2
DA:68,1
DA:69,1
DA:70,5
DA:71,2
LF:31
LH:31
end_of_record
SF:lib/features/board/presentation/column/bloc/column_event.dart
DA:15,1
DA:21,1
LF:2
LH:2
end_of_record
SF:lib/features/board/presentation/column/bloc/column_state.dart
DA:10,2
LF:1
LH:1
end_of_record
SF:lib/core/base/base_event.dart
DA:5,1
DA:6,1
LF:2
LH:2
end_of_record
SF:lib/core/base/base_state.dart
DA:7,22
DA:18,0
DA:20,9
DA:22,0
DA:24,6
DA:26,12
DA:30,3
DA:31,12
DA:34,0
DA:35,0
DA:38,3
DA:39,12
LF:12
LH:8
end_of_record
SF:lib/core/app_colors.dart
DA:4,0
LF:1
LH:0
end_of_record
SF:lib/core/app_extensions.dart
DA:4,0
DA:5,0
DA:6,0
DA:11,0
DA:12,0
LF:5
LH:0
end_of_record
SF:lib/core/app_strings.dart
DA:3,0
LF:1
LH:0
end_of_record
SF:lib/core/data/db/tables/tasks_table.dart
DA:4,0
DA:6,0
DA:8,0
DA:10,0
DA:12,0
DA:15,0
LF:6
LH:0
end_of_record
SF:lib/features/board/data/datasource/tasks_local_data_source.g.dart
DA:7,0
LF:1
LH:0
end_of_record
SF:lib/features/board/data/datasource/tasks_local_data_source.dart
DA:23,0
DA:25,0
DA:26,0
DA:27,0
DA:28,0
DA:30,0
DA:33,0
DA:35,0
DA:38,0
DA:40,0
DA:43,0
DA:45,0
DA:48,0
DA:50,0
DA:53,0
DA:55,0
LF:16
LH:0
end_of_record
SF:lib/core/di/core_di_module.dart
DA:5,0
DA:7,0
DA:12,0
LF:3
LH:0
end_of_record
SF:lib/core/widgets/add_bloc_event.dart
DA:7,3
DA:12,0
LF:2
LH:1
end_of_record
SF:lib/core/widgets/card_container.dart
DA:10,1
DA:16,1
DA:18,1
DA:20,1
DA:21,1
DA:23,2
DA:24,1
DA:25,1
LF:8
LH:8
end_of_record
SF:lib/core/widgets/custom_icon_button.dart
DA:11,1
DA:18,1
DA:20,1
DA:23,1
DA:24,1
LF:5
LH:5
end_of_record
SF:lib/core/widgets/text/body_text_large.dart
DA:8,5
DA:13,0
DA:15,1
DA:17,1
DA:18,1
DA:19,5
DA:20,1
LF:7
LH:6
end_of_record
SF:lib/features/board/presentation/task/task_decoration.dart
DA:9,1
DA:15,1
DA:17,1
DA:18,1
DA:19,1
DA:22,1
LF:6
LH:6
end_of_record
SF:lib/features/board/presentation/task/task_layout.dart
DA:15,1
DA:22,1
DA:25,1
DA:26,1
DA:29,1
DA:30,1
DA:32,1
DA:33,1
DA:34,1
DA:35,1
DA:37,1
DA:38,2
DA:39,4
DA:44,1
DA:45,0
DA:46,1
DA:48,2
DA:49,2
DA:50,0
DA:51,2
DA:52,1
DA:54,1
DA:67,1
LF:23
LH:21
end_of_record
SF:lib/features/board/presentation/task/task_view_modes/task_deleting.dart
DA:14,1
DA:20,1
DA:22,1
DA:23,1
DA:24,2
DA:25,1
DA:28,1
DA:33,1
DA:35,1
DA:36,1
DA:37,3
DA:40,1
DA:41,4
LF:13
LH:13
end_of_record
SF:lib/features/board/presentation/bloc/board_bloc.dart
DA:11,2
DA:12,6
DA:13,2
DA:16,1
DA:17,1
DA:18,4
DA:19,4
LF:7
LH:7
end_of_record
SF:lib/features/board/presentation/bloc/board_state.dart
DA:9,3
LF:1
LH:1
end_of_record
SF:lib/features/board/presentation/task/task_time_widget.dart
DA:12,1
DA:17,1
DA:19,2
DA:20,1
DA:21,2
DA:22,1
DA:24,2
DA:26,1
DA:27,3
DA:30,2
DA:31,2
DA:32,2
DA:37,2
DA:45,1
DA:47,1
DA:49,2
DA:50,1
DA:52,1
DA:53,1
DA:59,1
DA:60,3
DA:67,1
DA:68,3
DA:69,3
DA:70,3
DA:71,1
DA:72,4
LF:27
LH:27
end_of_record
SF:lib/core/widgets/text/body_text_medium.dart
DA:8,1
DA:13,1
DA:15,1
DA:17,1
DA:18,1
DA:19,5
DA:20,1
LF:7
LH:7
end_of_record
